<?xml version="1.0" encoding="UTF-8"?>
<testsuite xmlns:xsi="http://www.w3.org/2001/XMLSchema-instance" xsi:noNamespaceSchemaLocation="https://maven.apache.org/surefire/maven-surefire-plugin/xsd/surefire-test-report.xsd" name="tn.esprit.rh.achat.ProduitServiceImplTest" time="2.873" tests="6" errors="0" skipped="0" failures="0">
  <properties>
[...]
</properties>
  <testcase name="testretrieveAllProduits" classname="tn.esprit.rh.achat.ProduitServiceImplTest" time="0.102"/>
  <testcase name="testRetrieveProduit" classname="tn.esprit.rh.achat.ProduitServiceImplTest" time="0.014"/>
  <testcase name="testUpdateProduit" classname="tn.esprit.rh.achat.ProduitServiceImplTest" time="0.017"/>
  <testcase name="testAddProduit" classname="tn.esprit.rh.achat.ProduitServiceImplTest" time="0.009"/>
  <testcase name="testDeleteProduit" classname="tn.esprit.rh.achat.ProduitServiceImplTest" time="0.018"/>
  <testcase name="testAssignProduitToStock" classname="tn.esprit.rh.achat.ProduitServiceImplTest" time="0.008"/>
</testsuite>