<?xml version="1.0" encoding="UTF-8"?>
<testsuite xmlns:xsi="http://www.w3.org/2001/XMLSchema-instance" xsi:noNamespaceSchemaLocation="https://maven.apache.org/surefire/maven-surefire-plugin/xsd/surefire-test-report.xsd" name="tn.esprit.rh.achat.FournisseurServiceStaticTest" time="1.214" tests="5" errors="0" skipped="0" failures="0">
  <properties>
[...]
</properties>
  <testcase name="testAddFournisseur" classname="tn.esprit.rh.achat.FournisseurServiceStaticTest" time="1.178"/>
  <testcase name="testRetrieveFournisseur" classname="tn.esprit.rh.achat.FournisseurServiceStaticTest" time="0.003"/>
  <testcase name="testUpdateFournisseur" classname="tn.esprit.rh.achat.FournisseurServiceStaticTest" time="0.002"/>
  <testcase name="testDeleteFournisseur" classname="tn.esprit.rh.achat.FournisseurServiceStaticTest" time="0.011"/>
  <testcase name="testRetrieveAllFournisseurs" classname="tn.esprit.rh.achat.FournisseurServiceStaticTest" time="0.002"/>
</testsuite>